<?xml version="1.0" encoding="UTF-8"?>
<!-- Generated by org.testng.reporters.JUnitReportReporter -->
<testsuite skipped="0" hostname="ANHROG" name="testclasses.SeleniumTest2" tests="1" failures="0" timestamp="23 Aug 2017 04:48:19 GMT" time="11.917" errors="0">
  <testcase name="selenium_testmethod2" time="11.917" classname="testclasses.SeleniumTest2"/>
</testsuite> <!-- testclasses.SeleniumTest2 -->
